<?xml version="1.0" encoding="UTF-8"?>
<testng-results ignored="0" total="3" passed="1" failed="2" skipped="0">
  <reporter-output>
  </reporter-output>
  <suite started-at="2023-03-06T10:57:14Z" name="BDD Test Suite" finished-at="2023-03-06T10:57:36Z" duration-ms="22362">
    <groups>
      <group name="cucumber">
        <method signature="AbstractTestNGCucumberTests.runScenario(cucumber.api.testng.PickleEventWrapper, cucumber.api.testng.CucumberFeatureWrapper)[pri:0, instance:com.crowdar.bdd.cukes.TestNGSecuencialRunner@5db250b4]" name="runScenario" class="cucumber.api.testng.AbstractTestNGCucumberTests"/>
      </group> <!-- cucumber -->
    </groups>
    <test started-at="2023-03-06T10:57:14Z" name="TestNg Secuencial runner Tests" finished-at="2023-03-06T10:57:36Z" duration-ms="22362">
      <class name="com.crowdar.bdd.cukes.TestNGSecuencialRunner">
        <test-method is-config="true" signature="setUpClass()[pri:0, instance:com.crowdar.bdd.cukes.TestNGSecuencialRunner@5db250b4]" started-at="2023-03-06T10:57:14Z" name="setUpClass" finished-at="2023-03-06T10:57:14Z" duration-ms="169" status="PASS">
          <reporter-output>
          </reporter-output>
        </test-method> <!-- setUpClass -->
        <test-method signature="runScenario(cucumber.api.testng.PickleEventWrapper, cucumber.api.testng.CucumberFeatureWrapper)[pri:0, instance:com.crowdar.bdd.cukes.TestNGSecuencialRunner@5db250b4]" started-at="2023-03-06T10:57:14Z" name="runScenario" description="Runs Cucumber Scenarios" data-provider="scenarios" finished-at="2023-03-06T10:57:26Z" duration-ms="12002" status="FAIL">
          <params>
            <param index="0">
              <value>
                <![CDATA["Search in Wikipedia fail: Cryptocurrency with Shares"]]>
              </value>
            </param>
            <param index="1">
              <value>
                <![CDATA["Wikipedia Fail"]]>
              </value>
            </param>
          </params>
          <exception class="java.lang.AssertionError">
            <message>
              <![CDATA[expected [Cryptocurrency] but found [Shares]]]>
            </message>
            <full-stacktrace>
              <![CDATA[java.lang.AssertionError: expected [Cryptocurrency] but found [Shares]
at org.testng.Assert.fail(Assert.java:96)
at org.testng.Assert.failNotEquals(Assert.java:776)
at org.testng.Assert.assertEqualsImpl(Assert.java:137)
at org.testng.Assert.assertEquals(Assert.java:118)
at org.testng.Assert.assertEquals(Assert.java:453)
at org.testng.Assert.assertEquals(Assert.java:463)
at linkedin.web.steps.WikipediaSteps.verifyCorrectSearch(WikipediaSteps.java:27)
at ✽.The Shares is searched correctly(file:src/test/resources/web/features/wikipediaSearchFails.feature:7)
]]>
            </full-stacktrace>
          </exception> <!-- java.lang.AssertionError -->
          <reporter-output>
          </reporter-output>
        </test-method> <!-- runScenario -->
        <test-method signature="runScenario(cucumber.api.testng.PickleEventWrapper, cucumber.api.testng.CucumberFeatureWrapper)[pri:0, instance:com.crowdar.bdd.cukes.TestNGSecuencialRunner@5db250b4]" started-at="2023-03-06T10:57:26Z" name="runScenario" description="Runs Cucumber Scenarios" data-provider="scenarios" finished-at="2023-03-06T10:57:31Z" duration-ms="5142" status="FAIL">
          <params>
            <param index="0">
              <value>
                <![CDATA["m Search in Wikipedia fail: Cryptocurrency with Shares"]]>
              </value>
            </param>
            <param index="1">
              <value>
                <![CDATA["Wikipedia Success/Fail"]]>
              </value>
            </param>
          </params>
          <exception class="java.lang.AssertionError">
            <message>
              <![CDATA[expected [Cryptocurrency] but found [Shares]]]>
            </message>
            <full-stacktrace>
              <![CDATA[java.lang.AssertionError: expected [Cryptocurrency] but found [Shares]
at org.testng.Assert.fail(Assert.java:96)
at org.testng.Assert.failNotEquals(Assert.java:776)
at org.testng.Assert.assertEqualsImpl(Assert.java:137)
at org.testng.Assert.assertEquals(Assert.java:118)
at org.testng.Assert.assertEquals(Assert.java:453)
at org.testng.Assert.assertEquals(Assert.java:463)
at linkedin.web.steps.WikipediaSteps.verifyCorrectSearch(WikipediaSteps.java:27)
at ✽.The Shares is searched correctly(file:src/test/resources/web/features/wikipediaSearchMix.feature:67)
]]>
            </full-stacktrace>
          </exception> <!-- java.lang.AssertionError -->
          <reporter-output>
          </reporter-output>
        </test-method> <!-- runScenario -->
        <test-method signature="runScenario(cucumber.api.testng.PickleEventWrapper, cucumber.api.testng.CucumberFeatureWrapper)[pri:0, instance:com.crowdar.bdd.cukes.TestNGSecuencialRunner@5db250b4]" started-at="2023-03-06T10:57:31Z" name="runScenario" description="Runs Cucumber Scenarios" data-provider="scenarios" finished-at="2023-03-06T10:57:36Z" duration-ms="4934" status="PASS">
          <params>
            <param index="0">
              <value>
                <![CDATA["s Search in Wikipedia success: Cryptocurrency"]]>
              </value>
            </param>
            <param index="1">
              <value>
                <![CDATA["Wikipedia success"]]>
              </value>
            </param>
          </params>
          <reporter-output>
          </reporter-output>
        </test-method> <!-- runScenario -->
        <test-method is-config="true" signature="tearDownClass()[pri:0, instance:com.crowdar.bdd.cukes.TestNGSecuencialRunner@5db250b4]" started-at="2023-03-06T10:57:36Z" name="tearDownClass" finished-at="2023-03-06T10:57:36Z" duration-ms="18" status="PASS">
          <reporter-output>
          </reporter-output>
        </test-method> <!-- tearDownClass -->
      </class> <!-- com.crowdar.bdd.cukes.TestNGSecuencialRunner -->
    </test> <!-- TestNg Secuencial runner Tests -->
  </suite> <!-- BDD Test Suite -->
</testng-results>
