<?xml version="1.0" encoding="UTF-8"?>
<!-- Generated by org.testng.reporters.JUnitReportReporter -->
<testsuite hostname="DESKTOP-HQIOMEQ" failures="2" tests="3" name="com.crowdar.bdd.cukes.TestNGSecuencialRunner" time="22.078" errors="0" timestamp="06 Mar 2023 10:57:37 GMT" skipped="0">
  <testcase classname="com.crowdar.bdd.cukes.TestNGSecuencialRunner" name="runScenario" time="4.934"/>
  <testcase classname="com.crowdar.bdd.cukes.TestNGSecuencialRunner" name="runScenario" time="12.002">
    <failure message="expected [Cryptocurrency] but found [Shares]" type="java.lang.AssertionError">
      <![CDATA[java.lang.AssertionError: expected [Cryptocurrency] but found [Shares]
at org.testng.Assert.fail(Assert.java:96)
at org.testng.Assert.failNotEquals(Assert.java:776)
at org.testng.Assert.assertEqualsImpl(Assert.java:137)
at org.testng.Assert.assertEquals(Assert.java:118)
at org.testng.Assert.assertEquals(Assert.java:453)
at org.testng.Assert.assertEquals(Assert.java:463)
at linkedin.web.steps.WikipediaSteps.verifyCorrectSearch(WikipediaSteps.java:27)
at ✽.The Shares is searched correctly(file:src/test/resources/web/features/wikipediaSearchFails.feature:7)
]]>
    </failure>
  </testcase> <!-- runScenario -->
  <testcase classname="com.crowdar.bdd.cukes.TestNGSecuencialRunner" name="runScenario" time="5.142">
    <failure message="expected [Cryptocurrency] but found [Shares]" type="java.lang.AssertionError">
      <![CDATA[java.lang.AssertionError: expected [Cryptocurrency] but found [Shares]
at org.testng.Assert.fail(Assert.java:96)
at org.testng.Assert.failNotEquals(Assert.java:776)
at org.testng.Assert.assertEqualsImpl(Assert.java:137)
at org.testng.Assert.assertEquals(Assert.java:118)
at org.testng.Assert.assertEquals(Assert.java:453)
at org.testng.Assert.assertEquals(Assert.java:463)
at linkedin.web.steps.WikipediaSteps.verifyCorrectSearch(WikipediaSteps.java:27)
at ✽.The Shares is searched correctly(file:src/test/resources/web/features/wikipediaSearchMix.feature:67)
]]>
    </failure>
  </testcase> <!-- runScenario -->
</testsuite> <!-- com.crowdar.bdd.cukes.TestNGSecuencialRunner -->
