<?xml version="1.0" encoding="UTF-8"?>
<!-- Generated by org.testng.reporters.JUnitXMLReporter -->
<testsuite ignored="0" hostname="DESKTOP-HQIOMEQ" failures="2" tests="3" name="TestNg Secuencial runner Tests" time="22.362" errors="0" timestamp="06 Mar 2023 10:57:36 GMT">
  <testcase classname="cucumber.api.testng.AbstractTestNGCucumberTests" name="runScenario" time="12.002">
    <failure type="java.lang.AssertionError" message="expected [Cryptocurrency] but found [Shares]">
      <![CDATA[java.lang.AssertionError: expected [Cryptocurrency] but found [Shares]
at linkedin.web.steps.WikipediaSteps.verifyCorrectSearch(WikipediaSteps.java:27)
at ✽.The Shares is searched correctly(file:src/test/resources/web/features/wikipediaSearchFails.feature:7)
... Removed 6 stack frames]]>
    </failure>
  </testcase> <!-- runScenario -->
  <testcase classname="cucumber.api.testng.AbstractTestNGCucumberTests" name="runScenario" time="5.142">
    <failure type="java.lang.AssertionError" message="expected [Cryptocurrency] but found [Shares]">
      <![CDATA[java.lang.AssertionError: expected [Cryptocurrency] but found [Shares]
at linkedin.web.steps.WikipediaSteps.verifyCorrectSearch(WikipediaSteps.java:27)
at ✽.The Shares is searched correctly(file:src/test/resources/web/features/wikipediaSearchMix.feature:67)
... Removed 6 stack frames]]>
    </failure>
  </testcase> <!-- runScenario -->
  <testcase classname="cucumber.api.testng.AbstractTestNGCucumberTests" name="runScenario" time="4.934"/>
</testsuite> <!-- TestNg Secuencial runner Tests -->
